2026-01-26 08:58:19.682 INFO  [main] c.e.kloset_lab.KlosetLabApplication - Starting KlosetLabApplication using Java 21.0.8 with PID 78278 (/Users/yoon/code/10-team-FFS-BE/build/classes/java/main started by yoon in /Users/yoon/code/10-team-FFS-BE)
2026-01-26 08:58:19.685 DEBUG [main] c.e.kloset_lab.KlosetLabApplication - Running with Spring Boot v3.5.9, Spring v6.2.15
2026-01-26 08:58:19.685 INFO  [main] c.e.kloset_lab.KlosetLabApplication - The following 1 profile is active: "dev"
2026-01-26 08:58:20.030 INFO  [main] o.s.d.r.c.RepositoryConfigurationDelegate - Multiple Spring Data modules found, entering strict repository configuration mode
2026-01-26 08:58:20.030 INFO  [main] o.s.d.r.c.RepositoryConfigurationDelegate - Bootstrapping Spring Data JPA repositories in DEFAULT mode.
2026-01-26 08:58:20.113 INFO  [main] o.s.d.r.c.RepositoryConfigurationDelegate - Finished Spring Data repository scanning in 78 ms. Found 14 JPA repository interfaces.
2026-01-26 08:58:20.123 INFO  [main] o.s.d.r.c.RepositoryConfigurationDelegate - Multiple Spring Data modules found, entering strict repository configuration mode
2026-01-26 08:58:20.123 INFO  [main] o.s.d.r.c.RepositoryConfigurationDelegate - Bootstrapping Spring Data Redis repositories in DEFAULT mode.
2026-01-26 08:58:20.133 INFO  [main] o.s.d.r.c.RepositoryConfigurationExtensionSupport - Spring Data Redis - Could not safely identify store assignment for repository candidate interface com.example.kloset_lab.auth.repository.RefreshTokenRepository; If you want this repository to be a Redis repository, consider annotating your entities with one of these annotations: org.springframework.data.redis.core.RedisHash (preferred), or consider extending one of the following types with your repository: org.springframework.data.keyvalue.repository.KeyValueRepository
2026-01-26 08:58:20.133 INFO  [main] o.s.d.r.c.RepositoryConfigurationExtensionSupport - Spring Data Redis - Could not safely identify store assignment for repository candidate interface com.example.kloset_lab.clothes.repository.ClothesRepository; If you want this repository to be a Redis repository, consider annotating your entities with one of these annotations: org.springframework.data.redis.core.RedisHash (preferred), or consider extending one of the following types with your repository: org.springframework.data.keyvalue.repository.KeyValueRepository
2026-01-26 08:58:20.133 INFO  [main] o.s.d.r.c.RepositoryConfigurationExtensionSupport - Spring Data Redis - Could not safely identify store assignment for repository candidate interface com.example.kloset_lab.clothes.repository.ColorMappingRepository; If you want this repository to be a Redis repository, consider annotating your entities with one of these annotations: org.springframework.data.redis.core.RedisHash (preferred), or consider extending one of the following types with your repository: org.springframework.data.keyvalue.repository.KeyValueRepository
2026-01-26 08:58:20.133 INFO  [main] o.s.d.r.c.RepositoryConfigurationExtensionSupport - Spring Data Redis - Could not safely identify store assignment for repository candidate interface com.example.kloset_lab.clothes.repository.MaterialMappingRepository; If you want this repository to be a Redis repository, consider annotating your entities with one of these annotations: org.springframework.data.redis.core.RedisHash (preferred), or consider extending one of the following types with your repository: org.springframework.data.keyvalue.repository.KeyValueRepository
2026-01-26 08:58:20.133 INFO  [main] o.s.d.r.c.RepositoryConfigurationExtensionSupport - Spring Data Redis - Could not safely identify store assignment for repository candidate interface com.example.kloset_lab.clothes.repository.StyleTagMappingRepository; If you want this repository to be a Redis repository, consider annotating your entities with one of these annotations: org.springframework.data.redis.core.RedisHash (preferred), or consider extending one of the following types with your repository: org.springframework.data.keyvalue.repository.KeyValueRepository
2026-01-26 08:58:20.133 INFO  [main] o.s.d.r.c.RepositoryConfigurationExtensionSupport - Spring Data Redis - Could not safely identify store assignment for repository candidate interface com.example.kloset_lab.comment.repository.CommentLikeRepository; If you want this repository to be a Redis repository, consider annotating your entities with one of these annotations: org.springframework.data.redis.core.RedisHash (preferred), or consider extending one of the following types with your repository: org.springframework.data.keyvalue.repository.KeyValueRepository
2026-01-26 08:58:20.133 INFO  [main] o.s.d.r.c.RepositoryConfigurationExtensionSupport - Spring Data Redis - Could not safely identify store assignment for repository candidate interface com.example.kloset_lab.comment.repository.CommentRepository; If you want this repository to be a Redis repository, consider annotating your entities with one of these annotations: org.springframework.data.redis.core.RedisHash (preferred), or consider extending one of the following types with your repository: org.springframework.data.keyvalue.repository.KeyValueRepository
2026-01-26 08:58:20.134 INFO  [main] o.s.d.r.c.RepositoryConfigurationExtensionSupport - Spring Data Redis - Could not safely identify store assignment for repository candidate interface com.example.kloset_lab.feed.repository.FeedClothesMappingRepository; If you want this repository to be a Redis repository, consider annotating your entities with one of these annotations: org.springframework.data.redis.core.RedisHash (preferred), or consider extending one of the following types with your repository: org.springframework.data.keyvalue.repository.KeyValueRepository
2026-01-26 08:58:20.134 INFO  [main] o.s.d.r.c.RepositoryConfigurationExtensionSupport - Spring Data Redis - Could not safely identify store assignment for repository candidate interface com.example.kloset_lab.feed.repository.FeedImageRepository; If you want this repository to be a Redis repository, consider annotating your entities with one of these annotations: org.springframework.data.redis.core.RedisHash (preferred), or consider extending one of the following types with your repository: org.springframework.data.keyvalue.repository.KeyValueRepository
2026-01-26 08:58:20.134 INFO  [main] o.s.d.r.c.RepositoryConfigurationExtensionSupport - Spring Data Redis - Could not safely identify store assignment for repository candidate interface com.example.kloset_lab.feed.repository.FeedLikeRepository; If you want this repository to be a Redis repository, consider annotating your entities with one of these annotations: org.springframework.data.redis.core.RedisHash (preferred), or consider extending one of the following types with your repository: org.springframework.data.keyvalue.repository.KeyValueRepository
2026-01-26 08:58:20.134 INFO  [main] o.s.d.r.c.RepositoryConfigurationExtensionSupport - Spring Data Redis - Could not safely identify store assignment for repository candidate interface com.example.kloset_lab.feed.repository.FeedRepository; If you want this repository to be a Redis repository, consider annotating your entities with one of these annotations: org.springframework.data.redis.core.RedisHash (preferred), or consider extending one of the following types with your repository: org.springframework.data.keyvalue.repository.KeyValueRepository
2026-01-26 08:58:20.134 INFO  [main] o.s.d.r.c.RepositoryConfigurationExtensionSupport - Spring Data Redis - Could not safely identify store assignment for repository candidate interface com.example.kloset_lab.media.repository.MediaFileRepository; If you want this repository to be a Redis repository, consider annotating your entities with one of these annotations: org.springframework.data.redis.core.RedisHash (preferred), or consider extending one of the following types with your repository: org.springframework.data.keyvalue.repository.KeyValueRepository
2026-01-26 08:58:20.134 INFO  [main] o.s.d.r.c.RepositoryConfigurationExtensionSupport - Spring Data Redis - Could not safely identify store assignment for repository candidate interface com.example.kloset_lab.user.repository.UserProfileRepository; If you want this repository to be a Redis repository, consider annotating your entities with one of these annotations: org.springframework.data.redis.core.RedisHash (preferred), or consider extending one of the following types with your repository: org.springframework.data.keyvalue.repository.KeyValueRepository
2026-01-26 08:58:20.134 INFO  [main] o.s.d.r.c.RepositoryConfigurationExtensionSupport - Spring Data Redis - Could not safely identify store assignment for repository candidate interface com.example.kloset_lab.user.repository.UserRepository; If you want this repository to be a Redis repository, consider annotating your entities with one of these annotations: org.springframework.data.redis.core.RedisHash (preferred), or consider extending one of the following types with your repository: org.springframework.data.keyvalue.repository.KeyValueRepository
2026-01-26 08:58:20.134 INFO  [main] o.s.d.r.c.RepositoryConfigurationDelegate - Finished Spring Data repository scanning in 6 ms. Found 0 Redis repository interfaces.
2026-01-26 08:58:20.443 INFO  [main] o.s.b.w.e.tomcat.TomcatWebServer - Tomcat initialized with port 8080 (http)
2026-01-26 08:58:20.452 INFO  [main] o.a.catalina.core.StandardService - Starting service [Tomcat]
2026-01-26 08:58:20.452 INFO  [main] o.a.catalina.core.StandardEngine - Starting Servlet engine: [Apache Tomcat/10.1.50]
2026-01-26 08:58:20.478 INFO  [main] o.a.c.c.C.[Tomcat].[localhost].[/] - Initializing Spring embedded WebApplicationContext
2026-01-26 08:58:20.478 INFO  [main] o.s.b.w.s.c.ServletWebServerApplicationContext - Root WebApplicationContext: initialization completed in 774 ms
2026-01-26 08:58:20.505 DEBUG [main] c.e.k.g.s.f.JwtAuthenticationFilter - Filter 'jwtAuthenticationFilter' configured for use
2026-01-26 08:58:20.563 INFO  [main] o.h.jpa.internal.util.LogHelper - HHH000204: Processing PersistenceUnitInfo [name: default]
2026-01-26 08:58:20.587 INFO  [main] org.hibernate.Version - HHH000412: Hibernate ORM core version 6.6.39.Final
2026-01-26 08:58:20.601 INFO  [main] o.h.c.i.RegionFactoryInitiator - HHH000026: Second-level cache disabled
2026-01-26 08:58:20.716 INFO  [main] o.s.o.j.p.SpringPersistenceUnitInfo - No LoadTimeWeaver setup: ignoring JPA class transformer
2026-01-26 08:58:20.729 INFO  [main] com.zaxxer.hikari.HikariDataSource - HikariCP-Dev - Starting...
2026-01-26 08:58:20.821 INFO  [main] com.zaxxer.hikari.pool.HikariPool - HikariCP-Dev - Added connection com.mysql.cj.jdbc.ConnectionImpl@73958426
2026-01-26 08:58:20.822 INFO  [main] com.zaxxer.hikari.HikariDataSource - HikariCP-Dev - Start completed.
2026-01-26 08:58:20.852 WARN  [main] org.hibernate.orm.deprecation - HHH90000025: MySQLDialect does not need to be specified explicitly using 'hibernate.dialect' (remove the property setting and it will be selected by default)
2026-01-26 08:58:20.859 INFO  [main] o.hibernate.orm.connections.pooling - HHH10001005: Database info:
	Database JDBC URL [Connecting through datasource 'HikariDataSource (HikariCP-Dev)']
	Database driver: undefined/unknown
	Database version: 8.0.43
	Autocommit mode: undefined/unknown
	Isolation level: undefined/unknown
	Minimum pool size: undefined/unknown
	Maximum pool size: undefined/unknown
2026-01-26 08:58:21.292 INFO  [main] o.h.e.t.j.p.i.JtaPlatformInitiator - HHH000489: No JTA platform available (set 'hibernate.transaction.jta.platform' to enable JTA platform integration)
2026-01-26 08:58:21.320 DEBUG [main] org.hibernate.SQL - 
    create table clothes (
        id bigint not null auto_increment,
        created_at datetime(6) not null,
        bought_date date,
        brand_name varchar(50),
        category varchar(15) not null,
        clothes_name varchar(30),
        price integer,
        size varchar(10),
        file_id bigint not null,
        user_id bigint not null,
        primary key (id)
    ) engine=InnoDB
2026-01-26 08:58:21.335 DEBUG [main] org.hibernate.SQL - 
    create table color_mapping (
        id bigint not null auto_increment,
        created_at datetime(6) not null,
        name varchar(15) not null,
        clothes_id bigint not null,
        primary key (id)
    ) engine=InnoDB
2026-01-26 08:58:21.344 DEBUG [main] org.hibernate.SQL - 
    create table comment (
        id bigint not null auto_increment,
        created_at datetime(6) not null,
        content TEXT not null,
        like_count bigint not null,
        feed_id bigint not null,
        parent_id bigint,
        user_id bigint not null,
        primary key (id)
    ) engine=InnoDB
2026-01-26 08:58:21.351 DEBUG [main] org.hibernate.SQL - 
    create table comment_like (
        id bigint not null auto_increment,
        created_at datetime(6) not null,
        comment_id bigint not null,
        user_id bigint not null,
        primary key (id)
    ) engine=InnoDB
2026-01-26 08:58:21.358 DEBUG [main] org.hibernate.SQL - 
    create table feed (
        id bigint not null auto_increment,
        created_at datetime(6) not null,
        deleted_at datetime(6),
        updated_at datetime(6) not null,
        comment_count bigint not null,
        content TEXT not null,
        like_count bigint not null,
        user_id bigint not null,
        primary key (id)
    ) engine=InnoDB
2026-01-26 08:58:21.366 DEBUG [main] org.hibernate.SQL - 
    create table feed_clothes_mapping (
        id bigint not null auto_increment,
        created_at datetime(6) not null,
        clothes_id bigint not null,
        feed_id bigint not null,
        primary key (id)
    ) engine=InnoDB
2026-01-26 08:58:21.374 DEBUG [main] org.hibernate.SQL - 
    create table feed_image (
        id bigint not null auto_increment,
        created_at datetime(6) not null,
        display_order integer not null,
        is_primary bit not null,
        feed_id bigint not null,
        file_id bigint not null,
        primary key (id)
    ) engine=InnoDB
2026-01-26 08:58:21.381 DEBUG [main] org.hibernate.SQL - 
    create table feed_like (
        id bigint not null auto_increment,
        created_at datetime(6) not null,
        feed_id bigint not null,
        user_id bigint not null,
        primary key (id)
    ) engine=InnoDB
2026-01-26 08:58:21.388 DEBUG [main] org.hibernate.SQL - 
    create table material_mapping (
        id bigint not null auto_increment,
        created_at datetime(6) not null,
        name varchar(15) not null,
        clothes_id bigint not null,
        primary key (id)
    ) engine=InnoDB
2026-01-26 08:58:21.395 DEBUG [main] org.hibernate.SQL - 
    create table media_file (
        id bigint not null auto_increment,
        created_at datetime(6) not null,
        type varchar(10) not null,
        object_key varchar(100) not null,
        purpose varchar(10) not null,
        size bigint not null,
        status varchar(10) not null,
        uploaded_at datetime(6),
        user_id bigint not null,
        primary key (id)
    ) engine=InnoDB
2026-01-26 08:58:21.404 DEBUG [main] org.hibernate.SQL - 
    create table refresh_token (
        id bigint not null auto_increment,
        created_at datetime(6) not null,
        token_string varchar(500) not null,
        user_id bigint not null,
        primary key (id)
    ) engine=InnoDB
2026-01-26 08:58:21.415 DEBUG [main] org.hibernate.SQL - 
    create table style_tag_mapping (
        id bigint not null auto_increment,
        created_at datetime(6) not null,
        name varchar(15) not null,
        clothes_id bigint not null,
        primary key (id)
    ) engine=InnoDB
2026-01-26 08:58:21.428 DEBUG [main] org.hibernate.SQL - 
    create table user (
        id bigint not null auto_increment,
        created_at datetime(6) not null,
        deleted_at datetime(6),
        updated_at datetime(6) not null,
        provider varchar(10) not null,
        provider_id varchar(255) not null,
        role varchar(10) not null,
        status varchar(10) not null,
        primary key (id)
    ) engine=InnoDB
2026-01-26 08:58:21.439 DEBUG [main] org.hibernate.SQL - 
    create table user_profile (
        id bigint not null auto_increment,
        created_at datetime(6) not null,
        birth_date date not null,
        gender varchar(10) not null,
        nickname varchar(15) not null,
        profile_file_id bigint,
        user_id bigint not null,
        primary key (id)
    ) engine=InnoDB
2026-01-26 08:58:21.448 DEBUG [main] org.hibernate.SQL - 
    alter table clothes 
       drop index UK4ne44vgjr2psu2m4plc9jt45x
2026-01-26 08:58:21.763 DEBUG [main] org.hibernate.SQL - 
    alter table clothes 
       add constraint UK4ne44vgjr2psu2m4plc9jt45x unique (file_id)
2026-01-26 08:58:21.778 DEBUG [main] org.hibernate.SQL - 
    alter table user_profile 
       drop index UKm9ga0crhcge7onj1gx9a5lnjy
2026-01-26 08:58:21.780 DEBUG [main] org.hibernate.SQL - 
    alter table user_profile 
       add constraint UKm9ga0crhcge7onj1gx9a5lnjy unique (nickname)
2026-01-26 08:58:21.785 DEBUG [main] org.hibernate.SQL - 
    alter table user_profile 
       drop index UKmyg8xde26wvvhhmtjtkux9kk3
2026-01-26 08:58:21.786 DEBUG [main] org.hibernate.SQL - 
    alter table user_profile 
       add constraint UKmyg8xde26wvvhhmtjtkux9kk3 unique (profile_file_id)
2026-01-26 08:58:21.792 DEBUG [main] org.hibernate.SQL - 
    alter table user_profile 
       drop index UKebc21hy5j7scdvcjt0jy6xxrv
2026-01-26 08:58:21.793 DEBUG [main] org.hibernate.SQL - 
    alter table user_profile 
       add constraint UKebc21hy5j7scdvcjt0jy6xxrv unique (user_id)
2026-01-26 08:58:21.800 DEBUG [main] org.hibernate.SQL - 
    alter table clothes 
       add constraint FK7aoefs1ep493226t7i2aqoyho 
       foreign key (file_id) 
       references media_file (id)
2026-01-26 08:58:21.819 DEBUG [main] org.hibernate.SQL - 
    alter table clothes 
       add constraint FKciuihnqiq0t44yg7jyow95iqg 
       foreign key (user_id) 
       references user (id)
2026-01-26 08:58:21.848 DEBUG [main] org.hibernate.SQL - 
    alter table color_mapping 
       add constraint FKcms5wq1wrhqoju8ojetlbtwym 
       foreign key (clothes_id) 
       references clothes (id)
2026-01-26 08:58:21.865 DEBUG [main] org.hibernate.SQL - 
    alter table comment 
       add constraint FKmq57ocw5jrw8rd2lot1g8t0v2 
       foreign key (feed_id) 
       references feed (id)
2026-01-26 08:58:21.880 DEBUG [main] org.hibernate.SQL - 
    alter table comment 
       add constraint FKde3rfu96lep00br5ov0mdieyt 
       foreign key (parent_id) 
       references comment (id)
2026-01-26 08:58:21.902 DEBUG [main] org.hibernate.SQL - 
    alter table comment 
       add constraint FK8kcum44fvpupyw6f5baccx25c 
       foreign key (user_id) 
       references user (id)
2026-01-26 08:58:21.927 DEBUG [main] org.hibernate.SQL - 
    alter table comment_like 
       add constraint FKqlv8phl1ibeh0efv4dbn3720p 
       foreign key (comment_id) 
       references comment (id)
2026-01-26 08:58:21.945 DEBUG [main] org.hibernate.SQL - 
    alter table comment_like 
       add constraint FK6arwb0j7by23pw04ljdtxq4p5 
       foreign key (user_id) 
       references user (id)
2026-01-26 08:58:21.966 DEBUG [main] org.hibernate.SQL - 
    alter table feed 
       add constraint FKeupe1ba7u2e7sr6r3fa4dhdo7 
       foreign key (user_id) 
       references user (id)
2026-01-26 08:58:21.985 DEBUG [main] org.hibernate.SQL - 
    alter table feed_clothes_mapping 
       add constraint FKf4gsgb7rq3ynx5uoat22ljeme 
       foreign key (clothes_id) 
       references clothes (id)
2026-01-26 08:58:22.003 DEBUG [main] org.hibernate.SQL - 
    alter table feed_clothes_mapping 
       add constraint FKqj73p8wdamp3dpw57jpanjc8y 
       foreign key (feed_id) 
       references feed (id)
2026-01-26 08:58:22.024 DEBUG [main] org.hibernate.SQL - 
    alter table feed_image 
       add constraint FK6ucsld0tx762qhq8sp5khgv3n 
       foreign key (feed_id) 
       references feed (id)
2026-01-26 08:58:22.041 DEBUG [main] org.hibernate.SQL - 
    alter table feed_image 
       add constraint FKrpkqg2a1ofmd6ffgo9ydk0slv 
       foreign key (file_id) 
       references media_file (id)
2026-01-26 08:58:22.063 DEBUG [main] org.hibernate.SQL - 
    alter table feed_like 
       add constraint FKgurobtyio3jh1vn4n8tmqt842 
       foreign key (feed_id) 
       references feed (id)
2026-01-26 08:58:22.082 DEBUG [main] org.hibernate.SQL - 
    alter table feed_like 
       add constraint FKie3wsosw5w1vclgev0ofclm5b 
       foreign key (user_id) 
       references user (id)
2026-01-26 08:58:22.110 DEBUG [main] org.hibernate.SQL - 
    alter table material_mapping 
       add constraint FKedxyhj5e51ufca4f6hnb9kla4 
       foreign key (clothes_id) 
       references clothes (id)
2026-01-26 08:58:22.126 DEBUG [main] org.hibernate.SQL - 
    alter table media_file 
       add constraint FK5yy7vyvjy2v9ubqg3jqog5rx4 
       foreign key (user_id) 
       references user (id)
2026-01-26 08:58:22.145 DEBUG [main] org.hibernate.SQL - 
    alter table refresh_token 
       add constraint FKfgk1klcib7i15utalmcqo7krt 
       foreign key (user_id) 
       references user (id)
2026-01-26 08:58:22.162 DEBUG [main] org.hibernate.SQL - 
    alter table style_tag_mapping 
       add constraint FKn0rhh9hv8nn7w3kctngs7w1fk 
       foreign key (clothes_id) 
       references clothes (id)
2026-01-26 08:58:22.178 DEBUG [main] org.hibernate.SQL - 
    alter table user_profile 
       add constraint FKchlm6iusgeaj5g1we155g9idf 
       foreign key (profile_file_id) 
       references media_file (id)
2026-01-26 08:58:22.197 DEBUG [main] org.hibernate.SQL - 
    alter table user_profile 
       add constraint FK6kwj5lk78pnhwor4pgosvb51r 
       foreign key (user_id) 
       references user (id)
2026-01-26 08:58:22.220 INFO  [main] o.s.o.j.LocalContainerEntityManagerFactoryBean - Initialized JPA EntityManagerFactory for persistence unit 'default'
2026-01-26 08:58:22.749 DEBUG [main] o.s.w.s.m.m.a.RequestMappingHandlerMapping - 9 mappings in 'requestMappingHandlerMapping'
2026-01-26 08:58:22.765 DEBUG [main] o.s.w.s.h.SimpleUrlHandlerMapping - Patterns [/webjars/**, /**] in 'resourceHandlerMapping'
2026-01-26 08:58:22.775 WARN  [main] o.s.b.a.s.s.UserDetailsServiceAutoConfiguration - 

Using generated security password: 26fe00ca-7f03-462b-a5f6-2343db06ce84

This generated password is for development use only. Your security configuration must be updated before running your application in production.

2026-01-26 08:58:22.779 INFO  [main] o.s.s.c.a.a.c.InitializeUserDetailsBeanManagerConfigurer$InitializeUserDetailsManagerConfigurer - Global AuthenticationManager configured with UserDetailsService bean with name inMemoryUserDetailsManager
2026-01-26 08:58:22.816 DEBUG [main] o.s.s.web.DefaultSecurityFilterChain - Will secure any request with filters: DisableEncodeUrlFilter, WebAsyncManagerIntegrationFilter, SecurityContextHolderFilter, HeaderWriterFilter, LogoutFilter, JwtAuthenticationFilter, RequestCacheAwareFilter, SecurityContextHolderAwareRequestFilter, AnonymousAuthenticationFilter, SessionManagementFilter, ExceptionTranslationFilter, AuthorizationFilter
2026-01-26 08:58:22.853 DEBUG [main] o.s.w.s.m.m.a.RequestMappingHandlerAdapter - ControllerAdvice beans: 0 @ModelAttribute, 0 @InitBinder, 1 RequestBodyAdvice, 1 ResponseBodyAdvice
2026-01-26 08:58:22.873 DEBUG [main] o.s.w.s.m.m.a.ExceptionHandlerExceptionResolver - ControllerAdvice beans: 1 @ExceptionHandler, 1 ResponseBodyAdvice
2026-01-26 08:58:23.102 INFO  [main] o.s.b.w.e.tomcat.TomcatWebServer - Tomcat started on port 8080 (http) with context path '/'
2026-01-26 08:58:23.107 INFO  [main] c.e.kloset_lab.KlosetLabApplication - Started KlosetLabApplication in 3.674 seconds (process running for 3.894)
